C:\USERS\DAVID BOTTIAU\DESKTOP\CUDA\VS12_CUDA\HELLO_WORLD\DEBUG\HELLO_WORLD.ILK
C:\USERS\DAVID BOTTIAU\DESKTOP\CUDA\VS12_CUDA\HELLO_WORLD\DEBUG\HELLO_WORLD.EXE
C:\USERS\DAVID BOTTIAU\DESKTOP\CUDA\VS12_CUDA\HELLO_WORLD\DEBUG\HELLO_WORLD.PDB
C:\Users\David Bottiau\Desktop\CUDA\VS12_CUDA\Hello_World\Hello_World\Debug\kernel.cu.cache
C:\Users\David Bottiau\Desktop\CUDA\VS12_CUDA\Hello_World\Hello_World\Debug\kernel.cu.obj
C:\Users\David Bottiau\Desktop\CUDA\VS12_CUDA\Hello_World\Hello_World\Debug\link-cvtres.read.1.tlog
C:\Users\David Bottiau\Desktop\CUDA\VS12_CUDA\Hello_World\Hello_World\Debug\link-cvtres.write.1.tlog
C:\Users\David Bottiau\Desktop\CUDA\VS12_CUDA\Hello_World\Hello_World\Debug\link-rc.read.1.tlog
C:\Users\David Bottiau\Desktop\CUDA\VS12_CUDA\Hello_World\Hello_World\Debug\link-rc.write.1.tlog
C:\Users\David Bottiau\Desktop\CUDA\VS12_CUDA\Hello_World\Hello_World\Debug\link.8048-cvtres.read.1.tlog
C:\Users\David Bottiau\Desktop\CUDA\VS12_CUDA\Hello_World\Hello_World\Debug\link.8048-cvtres.write.1.tlog
C:\Users\David Bottiau\Desktop\CUDA\VS12_CUDA\Hello_World\Hello_World\Debug\link.8048-rc.read.1.tlog
C:\Users\David Bottiau\Desktop\CUDA\VS12_CUDA\Hello_World\Hello_World\Debug\link.8048-rc.write.1.tlog
C:\Users\David Bottiau\Desktop\CUDA\VS12_CUDA\Hello_World\Hello_World\Debug\link.8048.read.1.tlog
C:\Users\David Bottiau\Desktop\CUDA\VS12_CUDA\Hello_World\Hello_World\Debug\link.8048.write.1.tlog
C:\Users\David Bottiau\Desktop\CUDA\VS12_CUDA\Hello_World\Hello_World\Debug\link.command.1.tlog
C:\Users\David Bottiau\Desktop\CUDA\VS12_CUDA\Hello_World\Hello_World\Debug\link.read.1.tlog
C:\Users\David Bottiau\Desktop\CUDA\VS12_CUDA\Hello_World\Hello_World\Debug\link.write.1.tlog
C:\Users\David Bottiau\Desktop\CUDA\VS12_CUDA\Hello_World\Debug\Hello_World.pdb
C:\Users\David Bottiau\Desktop\CUDA\VS12_CUDA\Hello_World\Debug\Hello_World.exe
C:\Users\David Bottiau\Desktop\CUDA\VS12_CUDA\Hello_World\Debug\Hello_World.ilk
